<?xml version="1.0" encoding="UTF-8"?>
<!-- Generated by org.testng.reporters.JUnitXMLReporter -->
<testsuite ignored="0" hostname="LAPTOP-C8U1HH9O" failures="0" tests="14" name="Test" time="59.243" errors="0" timestamp="2025-08-22T19:45:53 IST">
  <testcase classname="testscripts.AdminUsersTest" name="addNewAdminUser" time="4.331"/>
  <testcase classname="testscripts.CategoryTest" name="addNewCategoryWithValidDetails" time="3.07"/>
  <testcase classname="testscripts.CategoryTest" name="verifyUserIsAbleToDeleteCategory" time="2.056"/>
  <testcase classname="testscripts.CategoryTest" name="verifyUserIsAbleToEditCategory" time="2.629"/>
  <testcase classname="testscripts.CategoryTest" name="verifyUserIsAbleToSearchCategory" time="2.523"/>
  <testcase classname="testscripts.HomeTest" name="verifyUserIsAbletoSuccessfullyLogout" time="1.663"/>
  <testcase classname="testscripts.ManageNewsTest" name="verifyUserIsAbleToAddNewNews" time="2.876"/>
  <testcase classname="testscripts.ManageNewsTest" name="verifyUserIsAbleToDeleteNews" time="2.128"/>
  <testcase classname="testscripts.ManageNewsTest" name="verifyUserIsAbleToEditNews" time="3.054"/>
  <testcase classname="testscripts.ManageNewsTest" name="verifyUserIsAbleToSearchNews" time="2.685"/>
  <testcase classname="testscripts.LoginTest" name="verifyUserLoginWithInvalidUsernameWithValidPassword" time="0.873"/>
  <testcase classname="testscripts.LoginTest" name="verifyUserloginWithInvalidCredentials" time="0.982"/>
  <testcase classname="testscripts.LoginTest" name="verifyUserloginwithValidCredentials" time="0.996"/>
  <testcase classname="testscripts.LoginTest" name="verifyuserLoginwithValidUsernamewithInvalidpassword" time="0.921"/>
</testsuite> <!-- Test -->
