<?xml version="1.0" encoding="UTF-8"?>
<!-- Generated by org.testng.reporters.JUnitXMLReporter -->
<testsuite ignored="0" hostname="LAPTOP-C8U1HH9O" failures="0" tests="4" name="mytest1" time="20.412" errors="0" timestamp="2025-08-22T18:12:49 IST">
  <testcase classname="testscripts.CategoryTest" name="addNewCategoryWithValidDetails" time="4.197"/>
  <testcase classname="testscripts.CategoryTest" name="verifyUserIsAbleToDeleteCategory" time="2.087"/>
  <testcase classname="testscripts.CategoryTest" name="verifyUserIsAbleToEditCategory" time="2.804"/>
  <testcase classname="testscripts.CategoryTest" name="verifyUserIsAbleToSearchCategory" time="2.434"/>
</testsuite> <!-- mytest1 -->
