<?xml version="1.0" encoding="UTF-8"?>
<testsuite xmlns:xsi="http://www.w3.org/2001/XMLSchema-instance" xsi:noNamespaceSchemaLocation="https://maven.apache.org/surefire/maven-surefire-plugin/xsd/surefire-test-report-3.0.xsd" version="3.0" name="TestSuite" time="44.133" tests="14" errors="0" skipped="0" failures="0">
  <properties>
[...]
</properties>
  <testcase name="verifyUserLoginWithInvalidUsernameWithValidPassword" classname="testscripts.LoginTest" time="0.885">
    <system-out><![CDATA[2025-08-22T14:56:10.488091600Z main ERROR Log4j API could not find a logging provider.
]]></system-out>
    <system-err><![CDATA[SLF4J(W): No SLF4J providers were found.
SLF4J(W): Defaulting to no-operation (NOP) logger implementation
SLF4J(W): See https://www.slf4j.org/codes.html#noProviders for further details.
Aug 22, 2025 8:26:09 PM org.openqa.selenium.devtools.CdpVersionFinder findNearestMatch
WARNING: Unable to find an exact match for CDP version 139, returning the closest version; found: 137; Please update to a Selenium version that supports CDP version 139
]]></system-err>
  </testcase>
  <testcase name="verifyUserloginWithInvalidCredentials" classname="testscripts.LoginTest" time="0.521">
    <system-err><![CDATA[Aug 22, 2025 8:26:12 PM org.openqa.selenium.devtools.CdpVersionFinder findNearestMatch
WARNING: Unable to find an exact match for CDP version 139, returning the closest version; found: 137; Please update to a Selenium version that supports CDP version 139
]]></system-err>
  </testcase>
  <testcase name="verifyUserloginwithValidCredentials" classname="testscripts.LoginTest" time="0.674">
    <system-err><![CDATA[Aug 22, 2025 8:26:14 PM org.openqa.selenium.devtools.CdpVersionFinder findNearestMatch
WARNING: Unable to find an exact match for CDP version 139, returning the closest version; found: 137; Please update to a Selenium version that supports CDP version 139
]]></system-err>
  </testcase>
  <testcase name="verifyuserLoginwithValidUsernamewithInvalidpassword" classname="testscripts.LoginTest" time="0.532">
    <system-err><![CDATA[Aug 22, 2025 8:26:16 PM org.openqa.selenium.devtools.CdpVersionFinder findNearestMatch
WARNING: Unable to find an exact match for CDP version 139, returning the closest version; found: 137; Please update to a Selenium version that supports CDP version 139
]]></system-err>
  </testcase>
  <testcase name="addNewAdminUser" classname="testscripts.AdminUsersTest" time="2.117">
    <system-err><![CDATA[Aug 22, 2025 8:26:18 PM org.openqa.selenium.devtools.CdpVersionFinder findNearestMatch
WARNING: Unable to find an exact match for CDP version 139, returning the closest version; found: 137; Please update to a Selenium version that supports CDP version 139
]]></system-err>
  </testcase>
  <testcase name="addNewCategoryWithValidDetails" classname="testscripts.CategoryTest" time="2.193">
    <system-err><![CDATA[Aug 22, 2025 8:26:21 PM org.openqa.selenium.devtools.CdpVersionFinder findNearestMatch
WARNING: Unable to find an exact match for CDP version 139, returning the closest version; found: 137; Please update to a Selenium version that supports CDP version 139
]]></system-err>
  </testcase>
  <testcase name="verifyUserIsAbleToDeleteCategory" classname="testscripts.CategoryTest" time="1.507">
    <system-err><![CDATA[Aug 22, 2025 8:26:25 PM org.openqa.selenium.devtools.CdpVersionFinder findNearestMatch
WARNING: Unable to find an exact match for CDP version 139, returning the closest version; found: 137; Please update to a Selenium version that supports CDP version 139
]]></system-err>
  </testcase>
  <testcase name="verifyUserIsAbleToEditCategory" classname="testscripts.CategoryTest" time="2.266">
    <system-err><![CDATA[Aug 22, 2025 8:26:28 PM org.openqa.selenium.devtools.CdpVersionFinder findNearestMatch
WARNING: Unable to find an exact match for CDP version 139, returning the closest version; found: 137; Please update to a Selenium version that supports CDP version 139
]]></system-err>
  </testcase>
  <testcase name="verifyUserIsAbleToSearchCategory" classname="testscripts.CategoryTest" time="1.777">
    <system-err><![CDATA[Aug 22, 2025 8:26:31 PM org.openqa.selenium.devtools.CdpVersionFinder findNearestMatch
WARNING: Unable to find an exact match for CDP version 139, returning the closest version; found: 137; Please update to a Selenium version that supports CDP version 139
]]></system-err>
  </testcase>
  <testcase name="verifyUserIsAbleToAddNewNews" classname="testscripts.ManageNewsTest" time="2.196">
    <system-err><![CDATA[Aug 22, 2025 8:26:35 PM org.openqa.selenium.devtools.CdpVersionFinder findNearestMatch
WARNING: Unable to find an exact match for CDP version 139, returning the closest version; found: 137; Please update to a Selenium version that supports CDP version 139
]]></system-err>
  </testcase>
  <testcase name="verifyUserIsAbleToDeleteNews" classname="testscripts.ManageNewsTest" time="1.649">
    <system-err><![CDATA[Aug 22, 2025 8:26:39 PM org.openqa.selenium.devtools.CdpVersionFinder findNearestMatch
WARNING: Unable to find an exact match for CDP version 139, returning the closest version; found: 137; Please update to a Selenium version that supports CDP version 139
]]></system-err>
  </testcase>
  <testcase name="verifyUserIsAbleToEditNews" classname="testscripts.ManageNewsTest" time="2.165">
    <system-err><![CDATA[Aug 22, 2025 8:26:42 PM org.openqa.selenium.devtools.CdpVersionFinder findNearestMatch
WARNING: Unable to find an exact match for CDP version 139, returning the closest version; found: 137; Please update to a Selenium version that supports CDP version 139
]]></system-err>
  </testcase>
  <testcase name="verifyUserIsAbleToSearchNews" classname="testscripts.ManageNewsTest" time="1.791">
    <system-err><![CDATA[Aug 22, 2025 8:26:46 PM org.openqa.selenium.devtools.CdpVersionFinder findNearestMatch
WARNING: Unable to find an exact match for CDP version 139, returning the closest version; found: 137; Please update to a Selenium version that supports CDP version 139
]]></system-err>
  </testcase>
  <testcase name="verifyUserIsAbletoSuccessfullyLogout" classname="testscripts.HomeTest" time="1.324">
    <system-err><![CDATA[Aug 22, 2025 8:26:50 PM org.openqa.selenium.devtools.CdpVersionFinder findNearestMatch
WARNING: Unable to find an exact match for CDP version 139, returning the closest version; found: 137; Please update to a Selenium version that supports CDP version 139
]]></system-err>
  </testcase>
</testsuite>