<?xml version="1.0" encoding="UTF-8"?>
<!-- Generated by org.testng.reporters.JUnitXMLReporter -->
<testsuite ignored="0" hostname="LAPTOP-C8U1HH9O" failures="0" tests="14" name="Test" time="43.527" errors="0" timestamp="2025-08-22T20:26:52 IST">
  <testcase classname="testscripts.LoginTest" name="verifyUserLoginWithInvalidUsernameWithValidPassword" time="0.881"/>
  <testcase classname="testscripts.LoginTest" name="verifyUserloginWithInvalidCredentials" time="0.523"/>
  <testcase classname="testscripts.LoginTest" name="verifyUserloginwithValidCredentials" time="0.673"/>
  <testcase classname="testscripts.LoginTest" name="verifyuserLoginwithValidUsernamewithInvalidpassword" time="0.531"/>
  <testcase classname="testscripts.AdminUsersTest" name="addNewAdminUser" time="2.117"/>
  <testcase classname="testscripts.CategoryTest" name="addNewCategoryWithValidDetails" time="2.193"/>
  <testcase classname="testscripts.CategoryTest" name="verifyUserIsAbleToDeleteCategory" time="1.508"/>
  <testcase classname="testscripts.CategoryTest" name="verifyUserIsAbleToEditCategory" time="2.267"/>
  <testcase classname="testscripts.CategoryTest" name="verifyUserIsAbleToSearchCategory" time="1.778"/>
  <testcase classname="testscripts.ManageNewsTest" name="verifyUserIsAbleToAddNewNews" time="2.197"/>
  <testcase classname="testscripts.ManageNewsTest" name="verifyUserIsAbleToDeleteNews" time="1.649"/>
  <testcase classname="testscripts.ManageNewsTest" name="verifyUserIsAbleToEditNews" time="2.166"/>
  <testcase classname="testscripts.ManageNewsTest" name="verifyUserIsAbleToSearchNews" time="1.791"/>
  <testcase classname="testscripts.HomeTest" name="verifyUserIsAbletoSuccessfullyLogout" time="1.324"/>
</testsuite> <!-- Test -->
